[0m17:22:05.509607 [debug] [MainThread]: Sending event: {'category': 'dbt', 'action': 'invocation', 'label': 'start', 'context': [<snowplow_tracker.self_describing_json.SelfDescribingJson object at 0x7aacc6fccf70>, <snowplow_tracker.self_describing_json.SelfDescribingJson object at 0x7aacc571a9b0>, <snowplow_tracker.self_describing_json.SelfDescribingJson object at 0x7aacc571aa10>]}


============================== 17:22:05.514049 | 5dab5509-564a-4251-9d37-18ecd4f6eb59 ==============================
[0m17:22:05.514049 [info ] [MainThread]: Running with dbt=1.8.1
[0m17:22:05.514776 [debug] [MainThread]: running dbt with arguments {'printer_width': '80', 'indirect_selection': 'eager', 'log_cache_events': 'False', 'write_json': 'True', 'partial_parse': 'True', 'cache_selected_only': 'False', 'warn_error': 'None', 'debug': 'False', 'fail_fast': 'False', 'log_path': 'logs', 'version_check': 'True', 'profiles_dir': '/home/admini/.dbt', 'use_colors': 'True', 'use_experimental_parser': 'False', 'no_print': 'None', 'quiet': 'False', 'log_format': 'default', 'static_parser': 'True', 'invocation_command': 'dbt init', 'introspect': 'True', 'target_path': 'None', 'warn_error_options': 'WarnErrorOptions(include=[], exclude=[])', 'send_anonymous_usage_stats': 'True'}
[0m17:22:05.521885 [warn ] [MainThread]: [ConfigFolderDirectory]: Unable to parse dict {'dir': PosixPath('/home/admini/.dbt')}
[0m17:22:05.522330 [info ] [MainThread]: Creating dbt configuration folder at 
[0m17:22:32.567686 [debug] [MainThread]: Starter project path: /home/admini/Documents/projects/dbt_taxi/dbt-env/lib/python3.10/site-packages/dbt/include/starter_project
[0m17:22:32.569428 [info ] [MainThread]: 
Your new dbt project "taxi_rides_ny" was created!

For more information on how to configure the profiles.yml file,
please consult the dbt documentation here:

  https://docs.getdbt.com/docs/configure-your-profile

One more thing:

Need help? Don't hesitate to reach out to us via GitHub issues or on Slack:

  https://community.getdbt.com/

Happy modeling!

[0m17:22:32.569835 [info ] [MainThread]: Setting up your profile.
[0m17:23:38.410926 [info ] [MainThread]: Profile taxi_rides_ny written to /home/admini/.dbt/profiles.yml using target's profile_template.yml and your supplied values. Run 'dbt debug' to validate the connection.
[0m17:23:38.423408 [debug] [MainThread]: Resource report: {"command_name": "init", "command_success": true, "command_wall_clock_time": 92.96382, "process_user_time": 1.166784, "process_kernel_time": 0.055941, "process_mem_max_rss": "90272", "process_in_blocks": "40", "process_out_blocks": "88"}
[0m17:23:38.424063 [debug] [MainThread]: Command `dbt init` succeeded at 17:23:38.423954 after 92.96 seconds
[0m17:23:38.424455 [debug] [MainThread]: Sending event: {'category': 'dbt', 'action': 'invocation', 'label': 'end', 'context': [<snowplow_tracker.self_describing_json.SelfDescribingJson object at 0x7aacc6fccf70>, <snowplow_tracker.self_describing_json.SelfDescribingJson object at 0x7aacc732f1c0>, <snowplow_tracker.self_describing_json.SelfDescribingJson object at 0x7aacc571a800>]}
[0m17:23:38.424869 [debug] [MainThread]: Flushing usage events
